Copyright 1986-2021 Xilinx, Inc. All Rights Reserved.
-----------------------------------------------------------------------------------------------------------------------------------------------------------------------
| Tool Version : Vivado v.2021.1 (win64) Build 3247384 Thu Jun 10 19:36:33 MDT 2021
| Date         : Sat Mar  5 17:14:29 2022
| Host         : LAPTOP-AED0D1LM running 64-bit major release  (build 9200)
| Command      : report_methodology -file fsm_pattern_methodology_drc_routed.rpt -pb fsm_pattern_methodology_drc_routed.pb -rpx fsm_pattern_methodology_drc_routed.rpx
| Design       : fsm_pattern
| Device       : xc7z020clg484-1
| Speed File   : -1
| Design State : Fully Routed
-----------------------------------------------------------------------------------------------------------------------------------------------------------------------

Report Methodology

Table of Contents
-----------------
1. REPORT SUMMARY
2. REPORT DETAILS

1. REPORT SUMMARY
-----------------
            Netlist: netlist
          Floorplan: design_1
      Design limits: <entire design considered>
             Max violations: <unlimited>
             Violations found: 11
+-----------+----------+-------------------------------+------------+
| Rule      | Severity | Description                   | Violations |
+-----------+----------+-------------------------------+------------+
| TIMING-18 | Warning  | Missing input or output delay | 11         |
+-----------+----------+-------------------------------+------------+

2. REPORT DETAILS
-----------------
TIMING-18#1 Warning
Missing input or output delay  
An input delay is missing on din relative to clock(s) clock
Related violations: <none>

TIMING-18#2 Warning
Missing input or output delay  
An input delay is missing on din_valid relative to clock(s) clock
Related violations: <none>

TIMING-18#3 Warning
Missing input or output delay  
An input delay is missing on reset relative to clock(s) clock
Related violations: <none>

TIMING-18#4 Warning
Missing input or output delay  
An output delay is missing on count[0] relative to clock(s) clock
Related violations: <none>

TIMING-18#5 Warning
Missing input or output delay  
An output delay is missing on count[1] relative to clock(s) clock
Related violations: <none>

TIMING-18#6 Warning
Missing input or output delay  
An output delay is missing on count[2] relative to clock(s) clock
Related violations: <none>

TIMING-18#7 Warning
Missing input or output delay  
An output delay is missing on count[3] relative to clock(s) clock
Related violations: <none>

TIMING-18#8 Warning
Missing input or output delay  
An output delay is missing on count[4] relative to clock(s) clock
Related violations: <none>

TIMING-18#9 Warning
Missing input or output delay  
An output delay is missing on count[5] relative to clock(s) clock
Related violations: <none>

TIMING-18#10 Warning
Missing input or output delay  
An output delay is missing on count[6] relative to clock(s) clock
Related violations: <none>

TIMING-18#11 Warning
Missing input or output delay  
An output delay is missing on count[7] relative to clock(s) clock
Related violations: <none>


