Copyright 1986-2021 Xilinx, Inc. All Rights Reserved.
--------------------------------------------------------------------------------------------------------------------------------------------------------
| Tool Version : Vivado v.2021.1 (win64) Build 3247384 Thu Jun 10 19:36:33 MDT 2021
| Date         : Wed Mar  9 03:30:04 2022
| Host         : LAPTOP-AED0D1LM running 64-bit major release  (build 9200)
| Command      : report_methodology -file server_methodology_drc_routed.rpt -pb server_methodology_drc_routed.pb -rpx server_methodology_drc_routed.rpx
| Design       : server
| Device       : xc7z020clg484-1
| Speed File   : -1
| Design State : Fully Routed
--------------------------------------------------------------------------------------------------------------------------------------------------------

Report Methodology

Table of Contents
-----------------
1. REPORT SUMMARY
2. REPORT DETAILS

1. REPORT SUMMARY
-----------------
            Netlist: netlist
          Floorplan: design_1
      Design limits: <entire design considered>
             Max violations: <unlimited>
             Violations found: 29
+-----------+----------+-------------------------------+------------+
| Rule      | Severity | Description                   | Violations |
+-----------+----------+-------------------------------+------------+
| TIMING-18 | Warning  | Missing input or output delay | 29         |
+-----------+----------+-------------------------------+------------+

2. REPORT DETAILS
-----------------
TIMING-18#1 Warning
Missing input or output delay  
An input delay is missing on ack relative to clock(s) clock
Related violations: <none>

TIMING-18#2 Warning
Missing input or output delay  
An input delay is missing on d_valid relative to clock(s) clock
Related violations: <none>

TIMING-18#3 Warning
Missing input or output delay  
An input delay is missing on dvd[0] relative to clock(s) clock
Related violations: <none>

TIMING-18#4 Warning
Missing input or output delay  
An input delay is missing on dvd[1] relative to clock(s) clock
Related violations: <none>

TIMING-18#5 Warning
Missing input or output delay  
An input delay is missing on dvd[2] relative to clock(s) clock
Related violations: <none>

TIMING-18#6 Warning
Missing input or output delay  
An input delay is missing on dvd[3] relative to clock(s) clock
Related violations: <none>

TIMING-18#7 Warning
Missing input or output delay  
An input delay is missing on dvd[4] relative to clock(s) clock
Related violations: <none>

TIMING-18#8 Warning
Missing input or output delay  
An input delay is missing on dvd[5] relative to clock(s) clock
Related violations: <none>

TIMING-18#9 Warning
Missing input or output delay  
An input delay is missing on dvd[6] relative to clock(s) clock
Related violations: <none>

TIMING-18#10 Warning
Missing input or output delay  
An input delay is missing on dvd[7] relative to clock(s) clock
Related violations: <none>

TIMING-18#11 Warning
Missing input or output delay  
An input delay is missing on dvs[0] relative to clock(s) clock
Related violations: <none>

TIMING-18#12 Warning
Missing input or output delay  
An input delay is missing on dvs[1] relative to clock(s) clock
Related violations: <none>

TIMING-18#13 Warning
Missing input or output delay  
An input delay is missing on dvs[2] relative to clock(s) clock
Related violations: <none>

TIMING-18#14 Warning
Missing input or output delay  
An input delay is missing on dvs[3] relative to clock(s) clock
Related violations: <none>

TIMING-18#15 Warning
Missing input or output delay  
An input delay is missing on dvs[4] relative to clock(s) clock
Related violations: <none>

TIMING-18#16 Warning
Missing input or output delay  
An input delay is missing on dvs[5] relative to clock(s) clock
Related violations: <none>

TIMING-18#17 Warning
Missing input or output delay  
An input delay is missing on dvs[6] relative to clock(s) clock
Related violations: <none>

TIMING-18#18 Warning
Missing input or output delay  
An input delay is missing on dvs[7] relative to clock(s) clock
Related violations: <none>

TIMING-18#19 Warning
Missing input or output delay  
An input delay is missing on reset relative to clock(s) clock
Related violations: <none>

TIMING-18#20 Warning
Missing input or output delay  
An output delay is missing on done relative to clock(s) clock
Related violations: <none>

TIMING-18#21 Warning
Missing input or output delay  
An output delay is missing on ready relative to clock(s) clock
Related violations: <none>

TIMING-18#22 Warning
Missing input or output delay  
An output delay is missing on result[0] relative to clock(s) clock
Related violations: <none>

TIMING-18#23 Warning
Missing input or output delay  
An output delay is missing on result[1] relative to clock(s) clock
Related violations: <none>

TIMING-18#24 Warning
Missing input or output delay  
An output delay is missing on result[2] relative to clock(s) clock
Related violations: <none>

TIMING-18#25 Warning
Missing input or output delay  
An output delay is missing on result[3] relative to clock(s) clock
Related violations: <none>

TIMING-18#26 Warning
Missing input or output delay  
An output delay is missing on result[4] relative to clock(s) clock
Related violations: <none>

TIMING-18#27 Warning
Missing input or output delay  
An output delay is missing on result[5] relative to clock(s) clock
Related violations: <none>

TIMING-18#28 Warning
Missing input or output delay  
An output delay is missing on result[6] relative to clock(s) clock
Related violations: <none>

TIMING-18#29 Warning
Missing input or output delay  
An output delay is missing on result[7] relative to clock(s) clock
Related violations: <none>


