Vivado Simulator v2021.1
Copyright 1986-1999, 2001-2021 Xilinx, Inc. All Rights Reserved.
Running: C:/Xilinx/Vivado/2021.1/bin/unwrapped/win64.o/xelab.exe -wto 76bea54db41a42098cd1b71472d606eb --incr --debug typical --relax --mt 2 -L xil_defaultlib -L secureip --snapshot client_driver_behav xil_defaultlib.client_driver -log elaborate.log 
Using 2 slave threads.
Starting static elaboration
WARNING: [VRFC 10-8437] comparison between unequal length arrays always returns FALSE, left argument length 8 is different from right argument length 2 for 'std_logic_vector_93' array [C:/Users/kariu/Documents/Spring 2022/CDA4253 FPGA/Projects/A5-Stella-Kariuki/Q_2/Q_2.srcs/sources_1/new/server.vhd:91]
WARNING: [VRFC 10-8437] comparison between unequal length arrays always returns FALSE, left argument length 8 is different from right argument length 2 for 'std_logic_vector_93' array [C:/Users/kariu/Documents/Spring 2022/CDA4253 FPGA/Projects/A5-Stella-Kariuki/Q_2/Q_2.srcs/sources_1/new/server.vhd:109]
WARNING: [VRFC 10-8437] comparison between unequal length arrays always returns FALSE, left argument length 8 is different from right argument length 2 for 'std_logic_vector_93' array [C:/Users/kariu/Documents/Spring 2022/CDA4253 FPGA/Projects/A5-Stella-Kariuki/Q_2/Q_2.srcs/sources_1/new/server.vhd:127]
WARNING: [VRFC 10-8437] comparison between unequal length arrays always returns TRUE, left argument length 8 is different from right argument length 2 for 'std_logic_vector_93' array [C:/Users/kariu/Documents/Spring 2022/CDA4253 FPGA/Projects/A5-Stella-Kariuki/Q_2/Q_2.srcs/sources_1/new/client_driver.vhd:149]
Completed static elaboration
Starting simulation data flow analysis
Completed simulation data flow analysis
Time Resolution for simulation is 1ps
Compiling package std.standard
Compiling package std.textio
Compiling package ieee.std_logic_1164
Compiling package ieee.numeric_std
Compiling architecture arch of entity xil_defaultlib.div [div_default]
Compiling architecture struct of entity xil_defaultlib.server [server_default]
Compiling architecture structural of entity xil_defaultlib.client_driver
Built simulation snapshot client_driver_behav
